<?xml version="1.0" encoding="UTF-8"?>
<!-- Generated by org.testng.reporters.JUnitXMLReporter -->
<testsuite hostname="DESKTOP-TA3D90D" ignored="0" name="Demo Test" tests="2" failures="0" timestamp="2020-11-18T16:02:38 EST" time="0.544" errors="0">
  <testcase name="addressTest" time="0.0" classname="testcases.DemoTest">
    <skipped/>
  </testcase> <!-- addressTest -->
  <testcase name="nameTest" time="0.0" classname="testcases.DemoTest">
    <skipped/>
  </testcase> <!-- nameTest -->
</testsuite> <!-- Demo Test -->
