<?xml version="1.0" encoding="UTF-8"?>
<!-- Generated by org.testng.reporters.JUnitXMLReporter -->
<testsuite hostname="DESKTOP-TA3D90D" ignored="0" name="Really Simple CRM Add Contact Test" tests="1" failures="1" timestamp="2020-11-22T15:02:46 EST" time="2.471" errors="0">
  <testcase name="createcontactTestReallyCRM" time="2.446" classname="testcasesReallyCRM.CreateContactTestReallyCRM">
    <failure type="java.lang.IllegalArgumentException" message="Keys to send should be a not null CharSequence">
      <![CDATA[java.lang.IllegalArgumentException: Keys to send should be a not null CharSequence
at org.openqa.selenium.remote.RemoteWebElement.sendKeys(RemoteWebElement.java:97)
at base.Page.type(Page.java:167)
at pagesReallyCRM.CreateContactReallyCRM.createContact(CreateContactReallyCRM.java:9)
at testcasesReallyCRM.CreateContactTestReallyCRM.createcontactTestReallyCRM(CreateContactTestReallyCRM.java:18)
at java.util.ArrayList.forEach(ArrayList.java:1257)
... Removed 27 stack frames]]>
    </failure>
  </testcase> <!-- createcontactTestReallyCRM -->
</testsuite> <!-- Really Simple CRM Add Contact Test -->
