<?xml version="1.0" encoding="UTF-8"?>
<!-- Generated by org.testng.reporters.JUnitXMLReporter -->
<testsuite hostname="DESKTOP-TA3D90D" ignored="0" name="Really Simple CRM Add Contact Test" tests="1" failures="1" timestamp="2020-11-24T13:56:45 EST" time="4.86" errors="0">
  <testcase name="createcontactTestRCRM" time="4.849" classname="testcasesReallyCRM.CreateContactTestRCRM">
    <failure type="java.lang.IllegalArgumentException" message="Keys to send should be a not null CharSequence">
      <![CDATA[java.lang.IllegalArgumentException: Keys to send should be a not null CharSequence
at org.openqa.selenium.remote.RemoteWebElement.sendKeys(RemoteWebElement.java:97)
at base.Page.type(Page.java:167)
at pagesReallyCRM.CreateContactReallyCRM.createContact(CreateContactReallyCRM.java:8)
at testcasesReallyCRM.CreateContactTestRCRM.createcontactTestRCRM(CreateContactTestRCRM.java:24)
at java.util.ArrayList.forEach(ArrayList.java:1257)
... Removed 27 stack frames]]>
    </failure>
  </testcase> <!-- createcontactTestRCRM -->
</testsuite> <!-- Really Simple CRM Add Contact Test -->
