<?xml version="1.0" encoding="UTF-8"?>
<testng-results skipped="0" failed="0" ignored="0" total="2" passed="2">
  <reporter-output>
  </reporter-output>
  <suite name="Page Object Model" duration-ms="15286" started-at="2020-11-21T21:15:31 EST" finished-at="2020-11-21T21:15:47 EST">
    <groups>
    </groups>
    <test name="Really Simple CRM Login Test" duration-ms="11615" started-at="2020-11-21T21:15:31 EST" finished-at="2020-11-21T21:15:43 EST">
      <class name="testcasesReallyCRM.LoginTestReallyCRM">
        <test-method status="PASS" signature="loginTestReallyCRM(java.util.Hashtable)[pri:0, instance:testcasesReallyCRM.LoginTestReallyCRM@2d8f65a4]" name="loginTestReallyCRM" duration-ms="3039" started-at="2020-11-21T21:15:40 EST" data-provider="dp" finished-at="2020-11-21T21:15:43 EST">
          <params>
            <param index="0">
              <value>
                <![CDATA[{pass=Toma*1996, runmode=Y, id=leoalak@gmail.com}]]>
              </value>
            </param>
          </params>
          <reporter-output>
          </reporter-output>
        </test-method> <!-- loginTestReallyCRM -->
      </class> <!-- testcasesReallyCRM.LoginTestReallyCRM -->
    </test> <!-- Really Simple CRM Login Test -->
    <test name="Really Simple CRM Add Account Test" duration-ms="3624" started-at="2020-11-21T21:15:43 EST" finished-at="2020-11-21T21:15:47 EST">
      <class name="testcasesReallyCRM.AddAccountTestRCRM">
        <test-method status="PASS" signature="addaccountTestRCRM(java.util.Hashtable)[pri:0, instance:testcasesReallyCRM.AddAccountTestRCRM@4d50efb8]" name="addaccountTestRCRM" duration-ms="3602" started-at="2020-11-21T21:15:43 EST" data-provider="dp" finished-at="2020-11-21T21:15:47 EST">
          <params>
            <param index="0">
              <value>
                <![CDATA[{state=Virginia, name=Alak, website=www.gmail.com, zip=2345.0, typed=Press, city=Alexandria, sectord=Banking, phone=23456.0, address=duke st}]]>
              </value>
            </param>
          </params>
          <reporter-output>
          </reporter-output>
        </test-method> <!-- addaccountTestRCRM -->
      </class> <!-- testcasesReallyCRM.AddAccountTestRCRM -->
    </test> <!-- Really Simple CRM Add Account Test -->
  </suite> <!-- Page Object Model -->
</testng-results>
