<?xml version="1.0" encoding="UTF-8"?>
<testng-results skipped="0" failed="0" ignored="0" total="2" passed="2">
  <reporter-output>
  </reporter-output>
  <suite name="Page Object Model" duration-ms="22198" started-at="2020-11-27T12:28:40 EST" finished-at="2020-11-27T12:29:03 EST">
    <groups>
    </groups>
    <test name="Flow lu CRM Login Test" duration-ms="17588" started-at="2020-11-27T12:28:40 EST" finished-at="2020-11-27T12:28:58 EST">
      <class name="FlowLuCRMTestCases.LoginTestFlow">
        <test-method status="PASS" signature="logintestFlow(java.util.Hashtable)[pri:0, instance:FlowLuCRMTestCases.LoginTestFlow@2d8f65a4]" name="logintestFlow" duration-ms="7389" started-at="2020-11-27T12:28:51 EST" data-provider="dp" finished-at="2020-11-27T12:28:58 EST">
          <params>
            <param index="0">
              <value>
                <![CDATA[{password=Toma*1996, runmode=Y, username=leoalak@gmail.com}]]>
              </value>
            </param>
          </params>
          <reporter-output>
          </reporter-output>
        </test-method> <!-- logintestFlow -->
      </class> <!-- FlowLuCRMTestCases.LoginTestFlow -->
    </test> <!-- Flow lu CRM Login Test -->
    <test name="Flow lu CRM Add Opportunity Test" duration-ms="4579" started-at="2020-11-27T12:28:58 EST" finished-at="2020-11-27T12:29:03 EST">
      <class name="FlowLuCRMTestCases.AddOpportunityTestFlow">
        <test-method status="PASS" signature="addopportunityTestFlow(java.util.Hashtable)[pri:0, instance:FlowLuCRMTestCases.AddOpportunityTestFlow@4d50efb8]" name="addopportunityTestFlow" duration-ms="4554" started-at="2020-11-27T12:28:58 EST" data-provider="dp" finished-at="2020-11-27T12:29:03 EST">
          <params>
            <param index="0">
              <value>
                <![CDATA[{oraganization=iskcon, phone=900000.0, website=www.google.com, email=a@gmail.com, amount=100.0, contactperson=bluetoothprabu, source=Partner, title=None}]]>
              </value>
            </param>
          </params>
          <reporter-output>
          </reporter-output>
        </test-method> <!-- addopportunityTestFlow -->
      </class> <!-- FlowLuCRMTestCases.AddOpportunityTestFlow -->
    </test> <!-- Flow lu CRM Add Opportunity Test -->
  </suite> <!-- Page Object Model -->
</testng-results>
