<?xml version="1.0" encoding="UTF-8"?>
<testng-results skipped="0" failed="0" ignored="0" total="4" passed="4">
  <reporter-output>
  </reporter-output>
  <suite name="Page Object Model" duration-ms="33324" started-at="2020-12-21T15:27:47 EST" finished-at="2020-12-21T15:28:20 EST">
    <groups>
    </groups>
    <test name="Flow lu CRM Login Test" duration-ms="18797" started-at="2020-12-21T15:27:47 EST" finished-at="2020-12-21T15:28:06 EST">
      <class name="FlowLuCRMTestCases.LoginTestFlow">
        <test-method status="PASS" signature="logintestFlow(java.util.Hashtable)[pri:0, instance:FlowLuCRMTestCases.LoginTestFlow@2d8f65a4]" name="logintestFlow" duration-ms="7138" started-at="2020-12-21T15:27:59 EST" data-provider="dp" finished-at="2020-12-21T15:28:06 EST">
          <params>
            <param index="0">
              <value>
                <![CDATA[{password=Toma*1996, runmode=Y, username=leoalak@gmail.com}]]>
              </value>
            </param>
          </params>
          <reporter-output>
          </reporter-output>
        </test-method> <!-- logintestFlow -->
      </class> <!-- FlowLuCRMTestCases.LoginTestFlow -->
    </test> <!-- Flow lu CRM Login Test -->
    <test name="Flow lu CRM Add Opportunity Test" duration-ms="7258" started-at="2020-12-21T15:28:06 EST" finished-at="2020-12-21T15:28:13 EST">
      <class name="FlowLuCRMTestCases.AddOpportunityTestFlow">
        <test-method status="PASS" signature="addopportunityTestFlow(java.util.Hashtable)[pri:0, instance:FlowLuCRMTestCases.AddOpportunityTestFlow@4d50efb8]" name="addopportunityTestFlow" duration-ms="7239" started-at="2020-12-21T15:28:06 EST" data-provider="dp" finished-at="2020-12-21T15:28:13 EST">
          <params>
            <param index="0">
              <value>
                <![CDATA[{oraganization=iskcon, phone=900000.0, website=www.google.com, email=a@gmail.com, amount=100.0, contactperson=bluetoothprabu, source=Partner, title=None}]]>
              </value>
            </param>
          </params>
          <reporter-output>
          </reporter-output>
        </test-method> <!-- addopportunityTestFlow -->
      </class> <!-- FlowLuCRMTestCases.AddOpportunityTestFlow -->
    </test> <!-- Flow lu CRM Add Opportunity Test -->
    <test name="Flow lu CRM Add Organization Test" duration-ms="5471" started-at="2020-12-21T15:28:13 EST" finished-at="2020-12-21T15:28:19 EST">
      <class name="FlowLuCRMTestCases.AddOrganizationTestFlow">
        <test-method status="PASS" signature="addorganizationTestFlow(java.util.Hashtable)[pri:0, instance:FlowLuCRMTestCases.AddOrganizationTestFlow@2353b3e6]" name="addorganizationTestFlow" duration-ms="5463" started-at="2020-12-21T15:28:13 EST" data-provider="dp" finished-at="2020-12-21T15:28:19 EST">
          <params>
            <param index="0">
              <value>
                <![CDATA[{jobtitle=Automation Test Engineer, web=www.google.com, phone=666777.0, email=A@gmail.com, organname=Automation company, category=Partner, industry=Banking}]]>
              </value>
            </param>
          </params>
          <reporter-output>
          </reporter-output>
        </test-method> <!-- addorganizationTestFlow -->
      </class> <!-- FlowLuCRMTestCases.AddOrganizationTestFlow -->
    </test> <!-- Flow lu CRM Add Organization Test -->
    <test name="Flow lu CRM Add Contact Test" duration-ms="1664" started-at="2020-12-21T15:28:19 EST" finished-at="2020-12-21T15:28:20 EST">
      <class name="FlowLuCRMTestCases.AddNewContactTest">
        <test-method status="PASS" signature="addNewContactTest(java.util.Hashtable)[pri:0, instance:FlowLuCRMTestCases.AddNewContactTest@1a1d6a08]" name="addNewContactTest" duration-ms="1660" started-at="2020-12-21T15:28:19 EST" data-provider="dp" finished-at="2020-12-21T15:28:20 EST">
          <params>
            <param index="0">
              <value>
                <![CDATA[{name=Om}]]>
              </value>
            </param>
          </params>
          <reporter-output>
          </reporter-output>
        </test-method> <!-- addNewContactTest -->
      </class> <!-- FlowLuCRMTestCases.AddNewContactTest -->
    </test> <!-- Flow lu CRM Add Contact Test -->
  </suite> <!-- Page Object Model -->
</testng-results>
