<?xml version="1.0" encoding="UTF-8"?>
<testng-results skipped="0" failed="0" ignored="0" total="2" passed="2">
  <reporter-output>
  </reporter-output>
  <suite name="Default suite" duration-ms="60" started-at="2020-12-23T18:04:25 EST" finished-at="2020-12-23T18:04:25 EST">
    <groups>
    </groups>
    <test name="Default test" duration-ms="60" started-at="2020-12-23T18:04:25 EST" finished-at="2020-12-23T18:04:25 EST">
      <class name="FlowLuCRMTestCases.practice">
        <test-method status="PASS" signature="BS()[pri:0, instance:FlowLuCRMTestCases.practice@1877ab81]" name="BS" is-config="true" duration-ms="34" started-at="2020-12-23T18:04:25 EST" finished-at="2020-12-23T18:04:25 EST">
          <reporter-output>
          </reporter-output>
        </test-method> <!-- BS -->
        <test-method status="PASS" signature="BT()[pri:0, instance:FlowLuCRMTestCases.practice@1877ab81]" name="BT" is-config="true" duration-ms="1" started-at="2020-12-23T18:04:25 EST" finished-at="2020-12-23T18:04:25 EST">
          <reporter-output>
          </reporter-output>
        </test-method> <!-- BT -->
        <test-method status="PASS" signature="BC()[pri:0, instance:FlowLuCRMTestCases.practice@1877ab81]" name="BC" is-config="true" duration-ms="1" started-at="2020-12-23T18:04:25 EST" finished-at="2020-12-23T18:04:25 EST">
          <reporter-output>
          </reporter-output>
        </test-method> <!-- BC -->
        <test-method status="PASS" signature="BM()[pri:0, instance:FlowLuCRMTestCases.practice@1877ab81]" name="BM" is-config="true" duration-ms="1" started-at="2020-12-23T18:04:25 EST" finished-at="2020-12-23T18:04:25 EST">
          <reporter-output>
          </reporter-output>
        </test-method> <!-- BM -->
        <test-method status="PASS" signature="test1()[pri:0, instance:FlowLuCRMTestCases.practice@1877ab81]" name="test1" duration-ms="4" started-at="2020-12-23T18:04:25 EST" finished-at="2020-12-23T18:04:25 EST">
          <reporter-output>
          </reporter-output>
        </test-method> <!-- test1 -->
        <test-method status="PASS" signature="AM()[pri:0, instance:FlowLuCRMTestCases.practice@1877ab81]" name="AM" is-config="true" duration-ms="0" started-at="2020-12-23T18:04:25 EST" finished-at="2020-12-23T18:04:25 EST">
          <reporter-output>
          </reporter-output>
        </test-method> <!-- AM -->
        <test-method status="PASS" signature="BM()[pri:0, instance:FlowLuCRMTestCases.practice@1877ab81]" name="BM" is-config="true" duration-ms="0" started-at="2020-12-23T18:04:25 EST" finished-at="2020-12-23T18:04:25 EST">
          <reporter-output>
          </reporter-output>
        </test-method> <!-- BM -->
        <test-method status="PASS" signature="test2()[pri:0, instance:FlowLuCRMTestCases.practice@1877ab81]" name="test2" duration-ms="3" started-at="2020-12-23T18:04:25 EST" finished-at="2020-12-23T18:04:25 EST">
          <reporter-output>
          </reporter-output>
        </test-method> <!-- test2 -->
        <test-method status="PASS" signature="AM()[pri:0, instance:FlowLuCRMTestCases.practice@1877ab81]" name="AM" is-config="true" duration-ms="0" started-at="2020-12-23T18:04:25 EST" finished-at="2020-12-23T18:04:25 EST">
          <reporter-output>
          </reporter-output>
        </test-method> <!-- AM -->
        <test-method status="PASS" signature="AC()[pri:0, instance:FlowLuCRMTestCases.practice@1877ab81]" name="AC" is-config="true" duration-ms="0" started-at="2020-12-23T18:04:25 EST" finished-at="2020-12-23T18:04:25 EST">
          <reporter-output>
          </reporter-output>
        </test-method> <!-- AC -->
        <test-method status="PASS" signature="AT()[pri:0, instance:FlowLuCRMTestCases.practice@1877ab81]" name="AT" is-config="true" duration-ms="0" started-at="2020-12-23T18:04:25 EST" finished-at="2020-12-23T18:04:25 EST">
          <reporter-output>
          </reporter-output>
        </test-method> <!-- AT -->
        <test-method status="PASS" signature="AS()[pri:0, instance:FlowLuCRMTestCases.practice@1877ab81]" name="AS" is-config="true" duration-ms="6" started-at="2020-12-23T18:04:25 EST" finished-at="2020-12-23T18:04:25 EST">
          <reporter-output>
          </reporter-output>
        </test-method> <!-- AS -->
      </class> <!-- FlowLuCRMTestCases.practice -->
    </test> <!-- Default test -->
  </suite> <!-- Default suite -->
</testng-results>
